0 info it worked if it ends with ok
1 verbose cli [ '/usr/local/bin/node', '/usr/local/bin/npm', 'run', 'sass' ]
2 info using npm@3.10.10
3 info using node@v6.10.3
4 verbose run-script [ 'presass', 'sass', 'postsass' ]
5 info lifecycle travel-agency@1.0.0~presass: travel-agency@1.0.0
6 silly lifecycle travel-agency@1.0.0~presass: no script for presass, continuing
7 info lifecycle travel-agency@1.0.0~sass: travel-agency@1.0.0
8 verbose lifecycle travel-agency@1.0.0~sass: unsafe-perm in lifecycle true
9 verbose lifecycle travel-agency@1.0.0~sass: PATH: /usr/local/lib/node_modules/npm/bin/node-gyp-bin:/Users/usamamahmood/Desktop/projects/travel-agency/node_modules/.bin:/usr/local/bin:/usr/bin:/bin:/usr/sbin:/sbin
10 verbose lifecycle travel-agency@1.0.0~sass: CWD: /Users/usamamahmood/Desktop/projects/travel-agency
11 silly lifecycle travel-agency@1.0.0~sass: Args: [ '-c', 'node-sass -w scss/ -o dist/css/ --recursive' ]
12 silly lifecycle travel-agency@1.0.0~sass: Returned: code: 1  signal: null
13 info lifecycle travel-agency@1.0.0~sass: Failed to exec sass script
14 verbose stack Error: travel-agency@1.0.0 sass: `node-sass -w scss/ -o dist/css/ --recursive`
14 verbose stack Exit status 1
14 verbose stack     at EventEmitter.<anonymous> (/usr/local/lib/node_modules/npm/lib/utils/lifecycle.js:255:16)
14 verbose stack     at emitTwo (events.js:106:13)
14 verbose stack     at EventEmitter.emit (events.js:191:7)
14 verbose stack     at ChildProcess.<anonymous> (/usr/local/lib/node_modules/npm/lib/utils/spawn.js:40:14)
14 verbose stack     at emitTwo (events.js:106:13)
14 verbose stack     at ChildProcess.emit (events.js:191:7)
14 verbose stack     at maybeClose (internal/child_process.js:886:16)
14 verbose stack     at Process.ChildProcess._handle.onexit (internal/child_process.js:226:5)
15 verbose pkgid travel-agency@1.0.0
16 verbose cwd /Users/usamamahmood/Desktop/projects/travel-agency
17 error Darwin 18.5.0
18 error argv "/usr/local/bin/node" "/usr/local/bin/npm" "run" "sass"
19 error node v6.10.3
20 error npm  v3.10.10
21 error code ELIFECYCLE
22 error travel-agency@1.0.0 sass: `node-sass -w scss/ -o dist/css/ --recursive`
22 error Exit status 1
23 error Failed at the travel-agency@1.0.0 sass script 'node-sass -w scss/ -o dist/css/ --recursive'.
23 error Make sure you have the latest version of node.js and npm installed.
23 error If you do, this is most likely a problem with the travel-agency package,
23 error not with npm itself.
23 error Tell the author that this fails on your system:
23 error     node-sass -w scss/ -o dist/css/ --recursive
23 error You can get information on how to open an issue for this project with:
23 error     npm bugs travel-agency
23 error Or if that isn't available, you can get their info via:
23 error     npm owner ls travel-agency
23 error There is likely additional logging output above.
24 verbose exit [ 1, true ]
